{"/Users/pandiarajanr/Desktop/Angular/Relax Gaming Assignment/LuckyDraw/lucky-draw/src/server/luckydraw/app.js": {"path":"/Users/pandiarajanr/Desktop/Angular/Relax Gaming Assignment/LuckyDraw/lucky-draw/src/server/luckydraw/app.js","statementMap":{"0":{"start":{"line":1,"column":16},"end":{"line":1,"column":34}},"1":{"start":{"line":2,"column":13},"end":{"line":2,"column":28}},"2":{"start":{"line":3,"column":25},"end":{"line":3,"column":57}},"3":{"start":{"line":4,"column":21},"end":{"line":4,"column":46}},"4":{"start":{"line":5,"column":22},"end":{"line":5,"column":48}},"5":{"start":{"line":8,"column":14},"end":{"line":8,"column":23}},"6":{"start":{"line":9,"column":2},"end":{"line":9,"column":18}},"7":{"start":{"line":12,"column":23},"end":{"line":12,"column":64}},"8":{"start":{"line":13,"column":2},"end":{"line":13,"column":29}},"9":{"start":{"line":14,"column":2},"end":{"line":14,"column":58}},"10":{"start":{"line":16,"column":2},"end":{"line":16,"column":13}},"11":{"start":{"line":19,"column":0},"end":{"line":19,"column":31}}},"fnMap":{"0":{"name":"createApp","decl":{"start":{"line":7,"column":15},"end":{"line":7,"column":24}},"loc":{"start":{"line":7,"column":27},"end":{"line":17,"column":1}},"line":7}},"branchMap":{},"s":{"0":1,"1":1,"2":1,"3":1,"4":1,"5":1,"6":1,"7":1,"8":1,"9":1,"10":1,"11":1},"f":{"0":1},"b":{},"_coverageSchema":"1a1c01bbd47fc00a2c39e90264f33305004495a9","hash":"d9ae1ddfc581fcf04318b9d03d9ad75cdf58a294"}
,"/Users/pandiarajanr/Desktop/Angular/Relax Gaming Assignment/LuckyDraw/lucky-draw/src/server/luckydraw/api/resolvers.js": {"path":"/Users/pandiarajanr/Desktop/Angular/Relax Gaming Assignment/LuckyDraw/lucky-draw/src/server/luckydraw/api/resolvers.js","statementMap":{"0":{"start":{"line":1,"column":22},"end":{"line":1,"column":58}},"1":{"start":{"line":2,"column":20},"end":{"line":2,"column":54}},"2":{"start":{"line":3,"column":32},"end":{"line":3,"column":70}},"3":{"start":{"line":4,"column":31},"end":{"line":4,"column":64}},"4":{"start":{"line":5,"column":22},"end":{"line":5,"column":56}},"5":{"start":{"line":7,"column":18},"end":{"line":90,"column":1}},"6":{"start":{"line":10,"column":6},"end":{"line":15,"column":7}},"7":{"start":{"line":11,"column":8},"end":{"line":11,"column":48}},"8":{"start":{"line":13,"column":8},"end":{"line":13,"column":60}},"9":{"start":{"line":14,"column":8},"end":{"line":14,"column":83}},"10":{"start":{"line":18,"column":6},"end":{"line":23,"column":7}},"11":{"start":{"line":19,"column":8},"end":{"line":19,"column":52}},"12":{"start":{"line":21,"column":8},"end":{"line":21,"column":64}},"13":{"start":{"line":22,"column":8},"end":{"line":22,"column":83}},"14":{"start":{"line":26,"column":6},"end":{"line":38,"column":7}},"15":{"start":{"line":27,"column":8},"end":{"line":27,"column":55}},"16":{"start":{"line":29,"column":8},"end":{"line":29,"column":61}},"17":{"start":{"line":32,"column":8},"end":{"line":34,"column":9}},"18":{"start":{"line":33,"column":10},"end":{"line":33,"column":22}},"19":{"start":{"line":37,"column":8},"end":{"line":37,"column":83}},"20":{"start":{"line":43,"column":21},"end":{"line":43,"column":57}},"21":{"start":{"line":44,"column":6},"end":{"line":46,"column":7}},"22":{"start":{"line":45,"column":8},"end":{"line":45,"column":80}},"23":{"start":{"line":47,"column":6},"end":{"line":55,"column":7}},"24":{"start":{"line":48,"column":8},"end":{"line":48,"column":58}},"25":{"start":{"line":50,"column":8},"end":{"line":50,"column":59}},"26":{"start":{"line":51,"column":8},"end":{"line":53,"column":9}},"27":{"start":{"line":52,"column":10},"end":{"line":52,"column":22}},"28":{"start":{"line":54,"column":8},"end":{"line":54,"column":83}},"29":{"start":{"line":59,"column":21},"end":{"line":59,"column":48}},"30":{"start":{"line":60,"column":6},"end":{"line":62,"column":7}},"31":{"start":{"line":61,"column":8},"end":{"line":61,"column":80}},"32":{"start":{"line":63,"column":6},"end":{"line":71,"column":7}},"33":{"start":{"line":64,"column":8},"end":{"line":64,"column":52}},"34":{"start":{"line":66,"column":8},"end":{"line":66,"column":62}},"35":{"start":{"line":67,"column":8},"end":{"line":69,"column":9}},"36":{"start":{"line":68,"column":10},"end":{"line":68,"column":22}},"37":{"start":{"line":70,"column":8},"end":{"line":70,"column":83}},"38":{"start":{"line":75,"column":21},"end":{"line":75,"column":61}},"39":{"start":{"line":76,"column":6},"end":{"line":78,"column":7}},"40":{"start":{"line":77,"column":8},"end":{"line":77,"column":80}},"41":{"start":{"line":79,"column":6},"end":{"line":87,"column":7}},"42":{"start":{"line":80,"column":8},"end":{"line":80,"column":65}},"43":{"start":{"line":82,"column":8},"end":{"line":82,"column":62}},"44":{"start":{"line":83,"column":8},"end":{"line":85,"column":9}},"45":{"start":{"line":84,"column":10},"end":{"line":84,"column":22}},"46":{"start":{"line":86,"column":8},"end":{"line":86,"column":83}},"47":{"start":{"line":92,"column":0},"end":{"line":92,"column":31}}},"fnMap":{"0":{"name":"(anonymous_0)","decl":{"start":{"line":9,"column":16},"end":{"line":9,"column":17}},"loc":{"start":{"line":9,"column":28},"end":{"line":16,"column":3}},"line":9},"1":{"name":"(anonymous_1)","decl":{"start":{"line":17,"column":20},"end":{"line":17,"column":21}},"loc":{"start":{"line":17,"column":32},"end":{"line":24,"column":5}},"line":17},"2":{"name":"(anonymous_2)","decl":{"start":{"line":25,"column":17},"end":{"line":25,"column":18}},"loc":{"start":{"line":25,"column":44},"end":{"line":39,"column":5}},"line":25},"3":{"name":"(anonymous_3)","decl":{"start":{"line":42,"column":15},"end":{"line":42,"column":16}},"loc":{"start":{"line":42,"column":45},"end":{"line":56,"column":5}},"line":42},"4":{"name":"(anonymous_4)","decl":{"start":{"line":58,"column":18},"end":{"line":58,"column":19}},"loc":{"start":{"line":58,"column":39},"end":{"line":72,"column":5}},"line":58},"5":{"name":"(anonymous_5)","decl":{"start":{"line":74,"column":18},"end":{"line":74,"column":19}},"loc":{"start":{"line":74,"column":52},"end":{"line":88,"column":5}},"line":74}},"branchMap":{"0":{"loc":{"start":{"line":32,"column":8},"end":{"line":34,"column":9}},"type":"if","locations":[{"start":{"line":32,"column":8},"end":{"line":34,"column":9}},{"start":{},"end":{}}],"line":32},"1":{"loc":{"start":{"line":32,"column":12},"end":{"line":32,"column":60}},"type":"binary-expr","locations":[{"start":{"line":32,"column":12},"end":{"line":32,"column":34}},{"start":{"line":32,"column":38},"end":{"line":32,"column":60}}],"line":32},"2":{"loc":{"start":{"line":44,"column":6},"end":{"line":46,"column":7}},"type":"if","locations":[{"start":{"line":44,"column":6},"end":{"line":46,"column":7}},{"start":{},"end":{}}],"line":44},"3":{"loc":{"start":{"line":51,"column":8},"end":{"line":53,"column":9}},"type":"if","locations":[{"start":{"line":51,"column":8},"end":{"line":53,"column":9}},{"start":{},"end":{}}],"line":51},"4":{"loc":{"start":{"line":51,"column":12},"end":{"line":51,"column":60}},"type":"binary-expr","locations":[{"start":{"line":51,"column":12},"end":{"line":51,"column":34}},{"start":{"line":51,"column":38},"end":{"line":51,"column":60}}],"line":51},"5":{"loc":{"start":{"line":60,"column":6},"end":{"line":62,"column":7}},"type":"if","locations":[{"start":{"line":60,"column":6},"end":{"line":62,"column":7}},{"start":{},"end":{}}],"line":60},"6":{"loc":{"start":{"line":67,"column":8},"end":{"line":69,"column":9}},"type":"if","locations":[{"start":{"line":67,"column":8},"end":{"line":69,"column":9}},{"start":{},"end":{}}],"line":67},"7":{"loc":{"start":{"line":67,"column":12},"end":{"line":67,"column":60}},"type":"binary-expr","locations":[{"start":{"line":67,"column":12},"end":{"line":67,"column":34}},{"start":{"line":67,"column":38},"end":{"line":67,"column":60}}],"line":67},"8":{"loc":{"start":{"line":76,"column":6},"end":{"line":78,"column":7}},"type":"if","locations":[{"start":{"line":76,"column":6},"end":{"line":78,"column":7}},{"start":{},"end":{}}],"line":76},"9":{"loc":{"start":{"line":83,"column":8},"end":{"line":85,"column":9}},"type":"if","locations":[{"start":{"line":83,"column":8},"end":{"line":85,"column":9}},{"start":{},"end":{}}],"line":83},"10":{"loc":{"start":{"line":83,"column":12},"end":{"line":83,"column":60}},"type":"binary-expr","locations":[{"start":{"line":83,"column":12},"end":{"line":83,"column":34}},{"start":{"line":83,"column":38},"end":{"line":83,"column":60}}],"line":83}},"s":{"0":2,"1":2,"2":2,"3":2,"4":2,"5":2,"6":1,"7":1,"8":0,"9":0,"10":2,"11":2,"12":1,"13":1,"14":3,"15":3,"16":2,"17":2,"18":1,"19":1,"20":0,"21":0,"22":0,"23":0,"24":0,"25":0,"26":0,"27":0,"28":0,"29":3,"30":3,"31":1,"32":2,"33":2,"34":1,"35":1,"36":0,"37":1,"38":3,"39":3,"40":1,"41":2,"42":2,"43":1,"44":1,"45":0,"46":1,"47":2},"f":{"0":1,"1":2,"2":3,"3":0,"4":3,"5":3},"b":{"0":[1,1],"1":[2,2],"2":[0,0],"3":[0,0],"4":[0,0],"5":[1,2],"6":[0,1],"7":[1,1],"8":[1,2],"9":[0,1],"10":[1,1]},"_coverageSchema":"1a1c01bbd47fc00a2c39e90264f33305004495a9","hash":"1cc51d083f6719c1d879a9b6b754e446843c3127"}
,"/Users/pandiarajanr/Desktop/Angular/Relax Gaming Assignment/LuckyDraw/lucky-draw/src/server/luckydraw/api/typeDefs.js": {"path":"/Users/pandiarajanr/Desktop/Angular/Relax Gaming Assignment/LuckyDraw/lucky-draw/src/server/luckydraw/api/typeDefs.js","statementMap":{"0":{"start":{"line":1,"column":16},"end":{"line":1,"column":48}},"1":{"start":{"line":3,"column":17},"end":{"line":42,"column":1}},"2":{"start":{"line":44,"column":0},"end":{"line":44,"column":30}}},"fnMap":{},"branchMap":{},"s":{"0":1,"1":1,"2":1},"f":{},"b":{},"_coverageSchema":"1a1c01bbd47fc00a2c39e90264f33305004495a9","hash":"ebc8af9c059e90915c8c91f0eff607a66d17d908"}
,"/Users/pandiarajanr/Desktop/Angular/Relax Gaming Assignment/LuckyDraw/lucky-draw/src/server/luckydraw/common/errorService.js": {"path":"/Users/pandiarajanr/Desktop/Angular/Relax Gaming Assignment/LuckyDraw/lucky-draw/src/server/luckydraw/common/errorService.js","statementMap":{"0":{"start":{"line":1,"column":25},"end":{"line":1,"column":43}},"1":{"start":{"line":3,"column":0},"end":{"line":10,"column":2}},"2":{"start":{"line":4,"column":2},"end":{"line":9,"column":5}}},"fnMap":{"0":{"name":"(anonymous_0)","decl":{"start":{"line":3,"column":29},"end":{"line":3,"column":30}},"loc":{"start":{"line":3,"column":81},"end":{"line":10,"column":1}},"line":3}},"branchMap":{"0":{"loc":{"start":{"line":3,"column":39},"end":{"line":3,"column":62}},"type":"default-arg","locations":[{"start":{"line":3,"column":46},"end":{"line":3,"column":62}}],"line":3},"1":{"loc":{"start":{"line":3,"column":64},"end":{"line":3,"column":76}},"type":"default-arg","locations":[{"start":{"line":3,"column":74},"end":{"line":3,"column":76}}],"line":3}},"s":{"0":5,"1":5,"2":2},"f":{"0":2},"b":{"0":[1],"1":[1]},"_coverageSchema":"1a1c01bbd47fc00a2c39e90264f33305004495a9","hash":"3602e8fbcb16ceb142d000121d8e2eef43fd1f36"}
,"/Users/pandiarajanr/Desktop/Angular/Relax Gaming Assignment/LuckyDraw/lucky-draw/src/server/luckydraw/common/loggerService.js": {"path":"/Users/pandiarajanr/Desktop/Angular/Relax Gaming Assignment/LuckyDraw/lucky-draw/src/server/luckydraw/common/loggerService.js","statementMap":{"0":{"start":{"line":1,"column":0},"end":{"line":11,"column":2}},"1":{"start":{"line":3,"column":4},"end":{"line":3,"column":34}},"2":{"start":{"line":6,"column":4},"end":{"line":6,"column":32}},"3":{"start":{"line":9,"column":4},"end":{"line":9,"column":32}}},"fnMap":{"0":{"name":"(anonymous_0)","decl":{"start":{"line":2,"column":12},"end":{"line":2,"column":13}},"loc":{"start":{"line":2,"column":32},"end":{"line":4,"column":3}},"line":2},"1":{"name":"(anonymous_1)","decl":{"start":{"line":5,"column":11},"end":{"line":5,"column":12}},"loc":{"start":{"line":5,"column":30},"end":{"line":7,"column":3}},"line":5},"2":{"name":"(anonymous_2)","decl":{"start":{"line":8,"column":11},"end":{"line":8,"column":12}},"loc":{"start":{"line":8,"column":30},"end":{"line":10,"column":3}},"line":8}},"branchMap":{},"s":{"0":5,"1":1,"2":1,"3":1},"f":{"0":1,"1":1,"2":1},"b":{},"_coverageSchema":"1a1c01bbd47fc00a2c39e90264f33305004495a9","hash":"5fd67dc79d1c6b13e7effdf157df850dc4609a09"}
,"/Users/pandiarajanr/Desktop/Angular/Relax Gaming Assignment/LuckyDraw/lucky-draw/src/server/luckydraw/common/validationService.js": {"path":"/Users/pandiarajanr/Desktop/Angular/Relax Gaming Assignment/LuckyDraw/lucky-draw/src/server/luckydraw/common/validationService.js","statementMap":{"0":{"start":{"line":1,"column":0},"end":{"line":25,"column":4}},"1":{"start":{"line":2,"column":19},"end":{"line":2,"column":21}},"2":{"start":{"line":4,"column":4},"end":{"line":10,"column":5}},"3":{"start":{"line":5,"column":6},"end":{"line":9,"column":7}},"4":{"start":{"line":6,"column":8},"end":{"line":6,"column":41}},"5":{"start":{"line":7,"column":13},"end":{"line":9,"column":7}},"6":{"start":{"line":8,"column":8},"end":{"line":8,"column":75}},"7":{"start":{"line":12,"column":4},"end":{"line":16,"column":5}},"8":{"start":{"line":13,"column":6},"end":{"line":15,"column":7}},"9":{"start":{"line":14,"column":8},"end":{"line":14,"column":56}},"10":{"start":{"line":18,"column":4},"end":{"line":22,"column":5}},"11":{"start":{"line":19,"column":6},"end":{"line":21,"column":7}},"12":{"start":{"line":20,"column":8},"end":{"line":20,"column":53}},"13":{"start":{"line":24,"column":4},"end":{"line":24,"column":18}}},"fnMap":{"0":{"name":"(anonymous_0)","decl":{"start":{"line":1,"column":30},"end":{"line":1,"column":31}},"loc":{"start":{"line":1,"column":55},"end":{"line":25,"column":3}},"line":1}},"branchMap":{"0":{"loc":{"start":{"line":4,"column":4},"end":{"line":10,"column":5}},"type":"if","locations":[{"start":{"line":4,"column":4},"end":{"line":10,"column":5}},{"start":{},"end":{}}],"line":4},"1":{"loc":{"start":{"line":5,"column":6},"end":{"line":9,"column":7}},"type":"if","locations":[{"start":{"line":5,"column":6},"end":{"line":9,"column":7}},{"start":{"line":7,"column":13},"end":{"line":9,"column":7}}],"line":5},"2":{"loc":{"start":{"line":5,"column":10},"end":{"line":5,"column":56}},"type":"binary-expr","locations":[{"start":{"line":5,"column":10},"end":{"line":5,"column":34}},{"start":{"line":5,"column":38},"end":{"line":5,"column":56}}],"line":5},"3":{"loc":{"start":{"line":7,"column":13},"end":{"line":9,"column":7}},"type":"if","locations":[{"start":{"line":7,"column":13},"end":{"line":9,"column":7}},{"start":{},"end":{}}],"line":7},"4":{"loc":{"start":{"line":12,"column":4},"end":{"line":16,"column":5}},"type":"if","locations":[{"start":{"line":12,"column":4},"end":{"line":16,"column":5}},{"start":{},"end":{}}],"line":12},"5":{"loc":{"start":{"line":13,"column":6},"end":{"line":15,"column":7}},"type":"if","locations":[{"start":{"line":13,"column":6},"end":{"line":15,"column":7}},{"start":{},"end":{}}],"line":13},"6":{"loc":{"start":{"line":13,"column":10},"end":{"line":13,"column":48}},"type":"binary-expr","locations":[{"start":{"line":13,"column":10},"end":{"line":13,"column":35}},{"start":{"line":13,"column":39},"end":{"line":13,"column":48}}],"line":13},"7":{"loc":{"start":{"line":18,"column":4},"end":{"line":22,"column":5}},"type":"if","locations":[{"start":{"line":18,"column":4},"end":{"line":22,"column":5}},{"start":{},"end":{}}],"line":18},"8":{"loc":{"start":{"line":19,"column":6},"end":{"line":21,"column":7}},"type":"if","locations":[{"start":{"line":19,"column":6},"end":{"line":21,"column":7}},{"start":{},"end":{}}],"line":19},"9":{"loc":{"start":{"line":19,"column":10},"end":{"line":19,"column":43}},"type":"binary-expr","locations":[{"start":{"line":19,"column":10},"end":{"line":19,"column":32}},{"start":{"line":19,"column":36},"end":{"line":19,"column":43}}],"line":19}},"s":{"0":4,"1":5,"2":5,"3":3,"4":1,"5":2,"6":1,"7":5,"8":2,"9":1,"10":5,"11":2,"12":1,"13":5},"f":{"0":5},"b":{"0":[3,2],"1":[1,2],"2":[3,3],"3":[1,1],"4":[2,3],"5":[1,1],"6":[2,2],"7":[2,3],"8":[1,1],"9":[2,2]},"_coverageSchema":"1a1c01bbd47fc00a2c39e90264f33305004495a9","hash":"ffa9583a797731a7edd527ae204938d5e833b668"}
,"/Users/pandiarajanr/Desktop/Angular/Relax Gaming Assignment/LuckyDraw/lucky-draw/src/server/luckydraw/config/db-config.js": {"path":"/Users/pandiarajanr/Desktop/Angular/Relax Gaming Assignment/LuckyDraw/lucky-draw/src/server/luckydraw/config/db-config.js","statementMap":{"0":{"start":{"line":2,"column":17},"end":{"line":2,"column":30}},"1":{"start":{"line":5,"column":13},"end":{"line":11,"column":2}},"2":{"start":{"line":13,"column":0},"end":{"line":13,"column":22}}},"fnMap":{},"branchMap":{},"s":{"0":6,"1":6,"2":6},"f":{},"b":{},"_coverageSchema":"1a1c01bbd47fc00a2c39e90264f33305004495a9","hash":"b9d80cd511f1983b3c53c9ac6575a7ea6dbd90ed"}
,"/Users/pandiarajanr/Desktop/Angular/Relax Gaming Assignment/LuckyDraw/lucky-draw/src/server/luckydraw/models/player.js": {"path":"/Users/pandiarajanr/Desktop/Angular/Relax Gaming Assignment/LuckyDraw/lucky-draw/src/server/luckydraw/models/player.js","statementMap":{"0":{"start":{"line":3,"column":6},"end":{"line":3,"column":19}},"1":{"start":{"line":4,"column":6},"end":{"line":4,"column":23}},"2":{"start":{"line":5,"column":6},"end":{"line":5,"column":31}},"3":{"start":{"line":6,"column":6},"end":{"line":6,"column":25}},"4":{"start":{"line":7,"column":6},"end":{"line":7,"column":37}},"5":{"start":{"line":8,"column":6},"end":{"line":8,"column":27}},"6":{"start":{"line":12,"column":2},"end":{"line":12,"column":26}}},"fnMap":{"0":{"name":"(anonymous_0)","decl":{"start":{"line":2,"column":4},"end":{"line":2,"column":5}},"loc":{"start":{"line":2,"column":65},"end":{"line":9,"column":5}},"line":2}},"branchMap":{"0":{"loc":{"start":{"line":5,"column":19},"end":{"line":5,"column":30}},"type":"binary-expr","locations":[{"start":{"line":5,"column":19},"end":{"line":5,"column":24}},{"start":{"line":5,"column":28},"end":{"line":5,"column":30}}],"line":5}},"s":{"0":24,"1":24,"2":24,"3":24,"4":24,"5":24,"6":4},"f":{"0":24},"b":{"0":[24,13]},"_coverageSchema":"1a1c01bbd47fc00a2c39e90264f33305004495a9","hash":"ca55517f00ec5e7d45296308b3fa88d259a10e8a"}
,"/Users/pandiarajanr/Desktop/Angular/Relax Gaming Assignment/LuckyDraw/lucky-draw/src/server/luckydraw/models/user.js": {"path":"/Users/pandiarajanr/Desktop/Angular/Relax Gaming Assignment/LuckyDraw/lucky-draw/src/server/luckydraw/models/user.js","statementMap":{"0":{"start":{"line":3,"column":6},"end":{"line":3,"column":19}},"1":{"start":{"line":4,"column":6},"end":{"line":4,"column":31}},"2":{"start":{"line":5,"column":6},"end":{"line":5,"column":23}},"3":{"start":{"line":9,"column":2},"end":{"line":9,"column":24}}},"fnMap":{"0":{"name":"(anonymous_0)","decl":{"start":{"line":2,"column":4},"end":{"line":2,"column":5}},"loc":{"start":{"line":2,"column":40},"end":{"line":6,"column":5}},"line":2}},"branchMap":{},"s":{"0":2,"1":2,"2":2,"3":4},"f":{"0":2},"b":{},"_coverageSchema":"1a1c01bbd47fc00a2c39e90264f33305004495a9","hash":"da6f731a4d3f96a4793c857a87241cdf11108572"}
,"/Users/pandiarajanr/Desktop/Angular/Relax Gaming Assignment/LuckyDraw/lucky-draw/src/server/luckydraw/services/playerService.js": {"path":"/Users/pandiarajanr/Desktop/Angular/Relax Gaming Assignment/LuckyDraw/lucky-draw/src/server/luckydraw/services/playerService.js","statementMap":{"0":{"start":{"line":1,"column":13},"end":{"line":1,"column":43}},"1":{"start":{"line":2,"column":31},"end":{"line":2,"column":64}},"2":{"start":{"line":3,"column":32},"end":{"line":3,"column":70}},"3":{"start":{"line":4,"column":15},"end":{"line":4,"column":49}},"4":{"start":{"line":5,"column":15},"end":{"line":5,"column":42}},"5":{"start":{"line":8,"column":2},"end":{"line":21,"column":3}},"6":{"start":{"line":9,"column":16},"end":{"line":9,"column":77}},"7":{"start":{"line":10,"column":4},"end":{"line":17,"column":8}},"8":{"start":{"line":10,"column":31},"end":{"line":17,"column":6}},"9":{"start":{"line":19,"column":4},"end":{"line":19,"column":55}},"10":{"start":{"line":20,"column":4},"end":{"line":20,"column":83}},"11":{"start":{"line":25,"column":2},"end":{"line":38,"column":3}},"12":{"start":{"line":26,"column":16},"end":{"line":26,"column":86}},"13":{"start":{"line":27,"column":4},"end":{"line":34,"column":8}},"14":{"start":{"line":27,"column":31},"end":{"line":34,"column":6}},"15":{"start":{"line":36,"column":4},"end":{"line":36,"column":56}},"16":{"start":{"line":37,"column":4},"end":{"line":37,"column":84}},"17":{"start":{"line":42,"column":2},"end":{"line":64,"column":3}},"18":{"start":{"line":43,"column":4},"end":{"line":43,"column":41}},"19":{"start":{"line":45,"column":16},"end":{"line":50,"column":5}},"20":{"start":{"line":52,"column":4},"end":{"line":59,"column":7}},"21":{"start":{"line":61,"column":4},"end":{"line":61,"column":49}},"22":{"start":{"line":62,"column":4},"end":{"line":62,"column":40}},"23":{"start":{"line":62,"column":30},"end":{"line":62,"column":40}},"24":{"start":{"line":63,"column":4},"end":{"line":63,"column":78}},"25":{"start":{"line":68,"column":2},"end":{"line":94,"column":3}},"26":{"start":{"line":69,"column":4},"end":{"line":69,"column":41}},"27":{"start":{"line":71,"column":16},"end":{"line":75,"column":5}},"28":{"start":{"line":77,"column":4},"end":{"line":79,"column":5}},"29":{"start":{"line":78,"column":6},"end":{"line":78,"column":64}},"30":{"start":{"line":81,"column":19},"end":{"line":81,"column":30}},"31":{"start":{"line":82,"column":4},"end":{"line":89,"column":7}},"32":{"start":{"line":91,"column":4},"end":{"line":91,"column":51}},"33":{"start":{"line":92,"column":4},"end":{"line":92,"column":40}},"34":{"start":{"line":92,"column":30},"end":{"line":92,"column":40}},"35":{"start":{"line":93,"column":4},"end":{"line":93,"column":81}},"36":{"start":{"line":98,"column":2},"end":{"line":109,"column":3}},"37":{"start":{"line":100,"column":16},"end":{"line":100,"column":86}},"38":{"start":{"line":101,"column":4},"end":{"line":103,"column":5}},"39":{"start":{"line":102,"column":6},"end":{"line":102,"column":64}},"40":{"start":{"line":104,"column":4},"end":{"line":104,"column":16}},"41":{"start":{"line":106,"column":4},"end":{"line":106,"column":51}},"42":{"start":{"line":107,"column":4},"end":{"line":107,"column":40}},"43":{"start":{"line":107,"column":30},"end":{"line":107,"column":40}},"44":{"start":{"line":108,"column":4},"end":{"line":108,"column":81}},"45":{"start":{"line":112,"column":0},"end":{"line":118,"column":2}}},"fnMap":{"0":{"name":"getPlayers","decl":{"start":{"line":7,"column":15},"end":{"line":7,"column":25}},"loc":{"start":{"line":7,"column":28},"end":{"line":22,"column":1}},"line":7},"1":{"name":"(anonymous_1)","decl":{"start":{"line":10,"column":24},"end":{"line":10,"column":25}},"loc":{"start":{"line":10,"column":31},"end":{"line":17,"column":6}},"line":10},"2":{"name":"getLeaderBoard","decl":{"start":{"line":24,"column":15},"end":{"line":24,"column":29}},"loc":{"start":{"line":24,"column":32},"end":{"line":39,"column":1}},"line":24},"3":{"name":"(anonymous_3)","decl":{"start":{"line":27,"column":24},"end":{"line":27,"column":25}},"loc":{"start":{"line":27,"column":31},"end":{"line":34,"column":6}},"line":27},"4":{"name":"addPlayer","decl":{"start":{"line":41,"column":15},"end":{"line":41,"column":24}},"loc":{"start":{"line":41,"column":38},"end":{"line":65,"column":1}},"line":41},"5":{"name":"updatePlayer","decl":{"start":{"line":67,"column":15},"end":{"line":67,"column":27}},"loc":{"start":{"line":67,"column":45},"end":{"line":95,"column":1}},"line":67},"6":{"name":"deletePlayer","decl":{"start":{"line":97,"column":15},"end":{"line":97,"column":27}},"loc":{"start":{"line":97,"column":32},"end":{"line":110,"column":1}},"line":97}},"branchMap":{"0":{"loc":{"start":{"line":15,"column":19},"end":{"line":15,"column":75}},"type":"cond-expr","locations":[{"start":{"line":15,"column":38},"end":{"line":15,"column":68}},{"start":{"line":15,"column":71},"end":{"line":15,"column":75}}],"line":15},"1":{"loc":{"start":{"line":32,"column":19},"end":{"line":32,"column":75}},"type":"cond-expr","locations":[{"start":{"line":32,"column":38},"end":{"line":32,"column":68}},{"start":{"line":32,"column":71},"end":{"line":32,"column":75}}],"line":32},"2":{"loc":{"start":{"line":57,"column":19},"end":{"line":57,"column":91}},"type":"cond-expr","locations":[{"start":{"line":57,"column":46},"end":{"line":57,"column":84}},{"start":{"line":57,"column":87},"end":{"line":57,"column":91}}],"line":57},"3":{"loc":{"start":{"line":62,"column":4},"end":{"line":62,"column":40}},"type":"if","locations":[{"start":{"line":62,"column":4},"end":{"line":62,"column":40}},{"start":{},"end":{}}],"line":62},"4":{"loc":{"start":{"line":77,"column":4},"end":{"line":79,"column":5}},"type":"if","locations":[{"start":{"line":77,"column":4},"end":{"line":79,"column":5}},{"start":{},"end":{}}],"line":77},"5":{"loc":{"start":{"line":87,"column":19},"end":{"line":87,"column":81}},"type":"cond-expr","locations":[{"start":{"line":87,"column":41},"end":{"line":87,"column":74}},{"start":{"line":87,"column":77},"end":{"line":87,"column":81}}],"line":87},"6":{"loc":{"start":{"line":92,"column":4},"end":{"line":92,"column":40}},"type":"if","locations":[{"start":{"line":92,"column":4},"end":{"line":92,"column":40}},{"start":{},"end":{}}],"line":92},"7":{"loc":{"start":{"line":101,"column":4},"end":{"line":103,"column":5}},"type":"if","locations":[{"start":{"line":101,"column":4},"end":{"line":103,"column":5}},{"start":{},"end":{}}],"line":101},"8":{"loc":{"start":{"line":107,"column":4},"end":{"line":107,"column":40}},"type":"if","locations":[{"start":{"line":107,"column":4},"end":{"line":107,"column":40}},{"start":{},"end":{}}],"line":107}},"s":{"0":3,"1":3,"2":3,"3":3,"4":3,"5":3,"6":3,"7":2,"8":19,"9":1,"10":1,"11":2,"12":2,"13":1,"14":1,"15":1,"16":1,"17":2,"18":2,"19":2,"20":1,"21":1,"22":1,"23":0,"24":1,"25":3,"26":3,"27":3,"28":2,"29":1,"30":1,"31":1,"32":2,"33":2,"34":0,"35":2,"36":3,"37":3,"38":2,"39":1,"40":1,"41":2,"42":2,"43":0,"44":2,"45":3},"f":{"0":3,"1":19,"2":2,"3":1,"4":2,"5":3,"6":3},"b":{"0":[19,0],"1":[1,0],"2":[1,0],"3":[0,1],"4":[1,1],"5":[1,0],"6":[0,2],"7":[1,1],"8":[0,2]},"_coverageSchema":"1a1c01bbd47fc00a2c39e90264f33305004495a9","hash":"af668ad8b48bde098d22b04f4d466cc130ce90dc"}
,"/Users/pandiarajanr/Desktop/Angular/Relax Gaming Assignment/LuckyDraw/lucky-draw/src/server/luckydraw/services/userService.js": {"path":"/Users/pandiarajanr/Desktop/Angular/Relax Gaming Assignment/LuckyDraw/lucky-draw/src/server/luckydraw/services/userService.js","statementMap":{"0":{"start":{"line":1,"column":13},"end":{"line":1,"column":43}},"1":{"start":{"line":2,"column":15},"end":{"line":2,"column":49}},"2":{"start":{"line":3,"column":31},"end":{"line":3,"column":64}},"3":{"start":{"line":4,"column":13},"end":{"line":4,"column":38}},"4":{"start":{"line":7,"column":2},"end":{"line":44,"column":3}},"5":{"start":{"line":8,"column":4},"end":{"line":10,"column":5}},"6":{"start":{"line":9,"column":6},"end":{"line":9,"column":75}},"7":{"start":{"line":12,"column":16},"end":{"line":19,"column":5}},"8":{"start":{"line":21,"column":4},"end":{"line":24,"column":5}},"9":{"start":{"line":23,"column":6},"end":{"line":23,"column":62}},"10":{"start":{"line":26,"column":16},"end":{"line":26,"column":27}},"11":{"start":{"line":27,"column":4},"end":{"line":31,"column":7}},"12":{"start":{"line":34,"column":4},"end":{"line":34,"column":52}},"13":{"start":{"line":37,"column":4},"end":{"line":40,"column":5}},"14":{"start":{"line":39,"column":6},"end":{"line":39,"column":18}},"15":{"start":{"line":43,"column":4},"end":{"line":43,"column":79}},"16":{"start":{"line":47,"column":0},"end":{"line":47,"column":33}}},"fnMap":{"0":{"name":"getUserRole","decl":{"start":{"line":6,"column":15},"end":{"line":6,"column":26}},"loc":{"start":{"line":6,"column":37},"end":{"line":45,"column":1}},"line":6}},"branchMap":{"0":{"loc":{"start":{"line":8,"column":4},"end":{"line":10,"column":5}},"type":"if","locations":[{"start":{"line":8,"column":4},"end":{"line":10,"column":5}},{"start":{},"end":{}}],"line":8},"1":{"loc":{"start":{"line":8,"column":8},"end":{"line":8,"column":49}},"type":"binary-expr","locations":[{"start":{"line":8,"column":8},"end":{"line":8,"column":17}},{"start":{"line":8,"column":21},"end":{"line":8,"column":49}}],"line":8},"2":{"loc":{"start":{"line":21,"column":4},"end":{"line":24,"column":5}},"type":"if","locations":[{"start":{"line":21,"column":4},"end":{"line":24,"column":5}},{"start":{},"end":{}}],"line":21},"3":{"loc":{"start":{"line":37,"column":4},"end":{"line":40,"column":5}},"type":"if","locations":[{"start":{"line":37,"column":4},"end":{"line":40,"column":5}},{"start":{},"end":{}}],"line":37}},"s":{"0":3,"1":3,"2":3,"3":3,"4":5,"5":5,"6":1,"7":4,"8":2,"9":1,"10":1,"11":1,"12":4,"13":4,"14":2,"15":2,"16":3},"f":{"0":5},"b":{"0":[1,4],"1":[5,4],"2":[1,1],"3":[2,2]},"_coverageSchema":"1a1c01bbd47fc00a2c39e90264f33305004495a9","hash":"5f23d4d6fbfbc9194ffa8492db33088c77ce9cec"}
}
