TN:
SF:app.js
FN:7,createApp
FNF:1
FNH:1
FNDA:1,createApp
DA:1,1
DA:2,1
DA:3,1
DA:4,1
DA:5,1
DA:8,1
DA:9,1
DA:12,1
DA:13,1
DA:14,1
DA:16,1
DA:19,1
LF:12
LH:12
BRF:0
BRH:0
end_of_record
TN:
SF:api/resolvers.js
FN:9,(anonymous_0)
FN:17,(anonymous_1)
FN:25,(anonymous_2)
FN:42,(anonymous_3)
FN:58,(anonymous_4)
FN:74,(anonymous_5)
FNF:6
FNH:5
FNDA:1,(anonymous_0)
FNDA:2,(anonymous_1)
FNDA:3,(anonymous_2)
FNDA:0,(anonymous_3)
FNDA:3,(anonymous_4)
FNDA:3,(anonymous_5)
DA:1,2
DA:2,2
DA:3,2
DA:4,2
DA:5,2
DA:7,2
DA:10,1
DA:11,1
DA:13,0
DA:14,0
DA:18,2
DA:19,2
DA:21,1
DA:22,1
DA:26,3
DA:27,3
DA:29,2
DA:32,2
DA:33,1
DA:37,1
DA:43,0
DA:44,0
DA:45,0
DA:47,0
DA:48,0
DA:50,0
DA:51,0
DA:52,0
DA:54,0
DA:59,3
DA:60,3
DA:61,1
DA:63,2
DA:64,2
DA:66,1
DA:67,1
DA:68,0
DA:70,1
DA:75,3
DA:76,3
DA:77,1
DA:79,2
DA:80,2
DA:82,1
DA:83,1
DA:84,0
DA:86,1
DA:92,2
LF:48
LH:35
BRDA:32,0,0,1
BRDA:32,0,1,1
BRDA:32,1,0,2
BRDA:32,1,1,2
BRDA:44,2,0,0
BRDA:44,2,1,0
BRDA:51,3,0,0
BRDA:51,3,1,0
BRDA:51,4,0,0
BRDA:51,4,1,0
BRDA:60,5,0,1
BRDA:60,5,1,2
BRDA:67,6,0,0
BRDA:67,6,1,1
BRDA:67,7,0,1
BRDA:67,7,1,1
BRDA:76,8,0,1
BRDA:76,8,1,2
BRDA:83,9,0,0
BRDA:83,9,1,1
BRDA:83,10,0,1
BRDA:83,10,1,1
BRF:22
BRH:14
end_of_record
TN:
SF:api/typeDefs.js
FNF:0
FNH:0
DA:1,1
DA:3,1
DA:44,1
LF:3
LH:3
BRF:0
BRH:0
end_of_record
TN:
SF:common/errorService.js
FN:3,(anonymous_0)
FNF:1
FNH:1
FNDA:2,(anonymous_0)
DA:1,5
DA:3,5
DA:4,2
LF:3
LH:3
BRDA:3,0,0,1
BRDA:3,1,0,1
BRF:2
BRH:2
end_of_record
TN:
SF:common/loggerService.js
FN:2,(anonymous_0)
FN:5,(anonymous_1)
FN:8,(anonymous_2)
FNF:3
FNH:3
FNDA:1,(anonymous_0)
FNDA:1,(anonymous_1)
FNDA:1,(anonymous_2)
DA:1,5
DA:3,1
DA:6,1
DA:9,1
LF:4
LH:4
BRF:0
BRH:0
end_of_record
TN:
SF:common/validationService.js
FN:1,(anonymous_0)
FNF:1
FNH:1
FNDA:5,(anonymous_0)
DA:1,4
DA:2,5
DA:4,5
DA:5,3
DA:6,1
DA:7,2
DA:8,1
DA:12,5
DA:13,2
DA:14,1
DA:18,5
DA:19,2
DA:20,1
DA:24,5
LF:14
LH:14
BRDA:4,0,0,3
BRDA:4,0,1,2
BRDA:5,1,0,1
BRDA:5,1,1,2
BRDA:5,2,0,3
BRDA:5,2,1,3
BRDA:7,3,0,1
BRDA:7,3,1,1
BRDA:12,4,0,2
BRDA:12,4,1,3
BRDA:13,5,0,1
BRDA:13,5,1,1
BRDA:13,6,0,2
BRDA:13,6,1,2
BRDA:18,7,0,2
BRDA:18,7,1,3
BRDA:19,8,0,1
BRDA:19,8,1,1
BRDA:19,9,0,2
BRDA:19,9,1,2
BRF:20
BRH:20
end_of_record
TN:
SF:config/db-config.js
FNF:0
FNH:0
DA:2,6
DA:5,6
DA:13,6
LF:3
LH:3
BRF:0
BRH:0
end_of_record
TN:
SF:models/player.js
FN:2,(anonymous_0)
FNF:1
FNH:1
FNDA:24,(anonymous_0)
DA:3,24
DA:4,24
DA:5,24
DA:6,24
DA:7,24
DA:8,24
DA:12,4
LF:7
LH:7
BRDA:5,0,0,24
BRDA:5,0,1,13
BRF:2
BRH:2
end_of_record
TN:
SF:models/user.js
FN:2,(anonymous_0)
FNF:1
FNH:1
FNDA:2,(anonymous_0)
DA:3,2
DA:4,2
DA:5,2
DA:9,4
LF:4
LH:4
BRF:0
BRH:0
end_of_record
TN:
SF:services/playerService.js
FN:7,getPlayers
FN:10,(anonymous_1)
FN:24,getLeaderBoard
FN:27,(anonymous_3)
FN:41,addPlayer
FN:67,updatePlayer
FN:97,deletePlayer
FNF:7
FNH:7
FNDA:3,getPlayers
FNDA:19,(anonymous_1)
FNDA:2,getLeaderBoard
FNDA:1,(anonymous_3)
FNDA:2,addPlayer
FNDA:3,updatePlayer
FNDA:3,deletePlayer
DA:1,3
DA:2,3
DA:3,3
DA:4,3
DA:5,3
DA:8,3
DA:9,3
DA:10,19
DA:19,1
DA:20,1
DA:25,2
DA:26,2
DA:27,1
DA:36,1
DA:37,1
DA:42,2
DA:43,2
DA:45,2
DA:52,1
DA:61,1
DA:62,1
DA:63,1
DA:68,3
DA:69,3
DA:71,3
DA:77,2
DA:78,1
DA:81,1
DA:82,1
DA:91,2
DA:92,2
DA:93,2
DA:98,3
DA:100,3
DA:101,2
DA:102,1
DA:104,1
DA:106,2
DA:107,2
DA:108,2
DA:112,3
LF:41
LH:41
BRDA:15,0,0,19
BRDA:15,0,1,0
BRDA:32,1,0,1
BRDA:32,1,1,0
BRDA:57,2,0,1
BRDA:57,2,1,0
BRDA:62,3,0,0
BRDA:62,3,1,1
BRDA:77,4,0,1
BRDA:77,4,1,1
BRDA:87,5,0,1
BRDA:87,5,1,0
BRDA:92,6,0,0
BRDA:92,6,1,2
BRDA:101,7,0,1
BRDA:101,7,1,1
BRDA:107,8,0,0
BRDA:107,8,1,2
BRF:18
BRH:11
end_of_record
TN:
SF:services/userService.js
FN:6,getUserRole
FNF:1
FNH:1
FNDA:5,getUserRole
DA:1,3
DA:2,3
DA:3,3
DA:4,3
DA:7,5
DA:8,5
DA:9,1
DA:12,4
DA:21,2
DA:23,1
DA:26,1
DA:27,1
DA:34,4
DA:37,4
DA:39,2
DA:43,2
DA:47,3
LF:17
LH:17
BRDA:8,0,0,1
BRDA:8,0,1,4
BRDA:8,1,0,5
BRDA:8,1,1,4
BRDA:21,2,0,1
BRDA:21,2,1,1
BRDA:37,3,0,2
BRDA:37,3,1,2
BRF:8
BRH:8
end_of_record
